src/css/compute-style.ts(453,23): error TS2551: Property 'textDecorationStyle' does not exist on type 'Partial<ElementDefaults>'. Did you mean 'textDecorationLine'?
src/css/compute-style.ts(454,39): error TS2551: Property 'textDecorationStyle' does not exist on type 'Partial<ElementDefaults>'. Did you mean 'textDecorationLine'?
src/html/css/parse-css.ts(60,79): error TS2322: Type '(el: Element) => boolean' is not assignable to type '(el: DomElement) => boolean'.
  Types of parameters 'el' and 'el' are incompatible.
    Type 'DomElement' is missing the following properties from type 'Element': attributes, className, clientHeight, clientLeft, and 169 more.
src/html/dom-converter.ts(251,19): error TS2352: Conversion of type 'Node' to type 'DomElement' may be a mistake because neither type sufficiently overlaps with the other. If this was intentional, convert the expression to 'unknown' first.
  Type 'Node' is missing the following properties from type 'DomElement': tagName, firstElementChild, lastElementChild, nextElementSibling, and 2 more.
src/html/dom-converter.ts(264,30): error TS2345: Argument of type 'DomElement' is not assignable to parameter of type 'Element'.
  Type 'DomElement' is missing the following properties from type 'Element': attributes, className, clientHeight, clientLeft, and 169 more.
src/html/dom-converter.ts(268,56): error TS2345: Argument of type 'DomElement' is not assignable to parameter of type 'Element'.
  Type 'DomElement' is missing the following properties from type 'Element': attributes, className, clientHeight, clientLeft, and 169 more.
src/html/dom-converter.ts(300,52): error TS2345: Argument of type 'DomElement' is not assignable to parameter of type 'Element'.
  Type 'DomElement' is missing the following properties from type 'Element': attributes, className, clientHeight, clientLeft, and 169 more.
src/html/dom-converter.ts(329,42): error TS2339: Property 'childNodes' does not exist on type 'DomElement'.
src/pdf/font/embedder.ts(388,3): error TS2578: Unused '@ts-expect-error' directive.
tests/css/clip-path-parser.spec.ts(55,7): error TS2345: Argument of type '{ tagName: string; getAttribute(name: string): "clip-path: polygon(50% 0, 0 100%, 100% 100%);" | null; }' is not assignable to parameter of type 'DomElement'.
  Type '{ tagName: string; getAttribute(name: string): "clip-path: polygon(50% 0, 0 100%, 100% 100%);" | null; }' is missing the following properties from type 'DomElement': nodeType, parentElement, firstElementChild, lastElementChild, and 2 more.
